The IP Catalog has been reloaded.
Welcome to Xilinx CORE Generator.
Help system initialized.
The IP Catalog has been reloaded.
CoreGen has not been configured with any user repositories.
CoreGen has been configured with the following Xilinx repositories:
 - '/opt/Xilinx/13.1/ISE_DS/ISE/coregen/' [xil_index.xml]
The IP Catalog has been reloaded.
Wrote file for project
'/home/lupo/Development/plasma_soc/ise/plasma_s3e/ipcore_dir/coregen.cgp'.
Customize and GenerateINFO:sim:927 - Generating component instance 'mig_v3_61' of
   'xilinx.com:ip:mig:3.61' from
   '/opt/Xilinx/13.1/ISE_DS/ISE/coregen/ip/xilinx/other/com/xilinx/ip/mig_v3_61/
   mig_v3_61.xcd'.
Customizing IP...
Finished Customizing.
Resolving generic values...
Finished resolving generic values.
Generating ASY schematic symbol...
WARNING:sim:948 - The chosen IP does not support an ASY schematic symbol.
Finished generating ASY schematic symbol.
Generating metadata file...
Finished generating metadata file.
Generating ISE project...
Finished generating ISE project.Generating README file...
Finished generating README file.
Generating FLIST file...
Finished FLIST file generation.
Preparing output directory...
Finished preparing output directory.
Launching README viewer...
Launched README viewer.
Moving files to output directory...
Finished moving files to output directory
Saved options for project 'coregen'.
Saved options for project 'coregen'.
Closed project file.
